-------------------------------------------------------------------------------
Test set: service.UserServiceTest
-------------------------------------------------------------------------------
Tests run: 3, Failures: 1, Errors: 0, Skipped: 0, Time elapsed: 0.785 s <<< FAILURE! - in service.UserServiceTest
testCreateUser_WhenDetailIsProvided_ReturnUserObject  Time elapsed: 0.759 s  <<< FAILURE!
org.opentest4j.AssertionFailedError: execution exceeded timeout of 500 ms by 110 ms
	at service.UserServiceTest.testCreateUser_WhenDetailIsProvided_ReturnUserObject(UserServiceTest.java:49)

