<?xml version="1.0" encoding="UTF-8"?>
<testsuite xmlns:xsi="http://www.w3.org/2001/XMLSchema-instance" xsi:noNamespaceSchemaLocation="https://maven.apache.org/surefire/maven-surefire-plugin/xsd/surefire-test-report.xsd" name="service.UserServiceTest" time="0.785" tests="3" errors="0" skipped="0" failures="1">
  <properties>
[...]
</properties>
  <testcase name="testCreateUser_WhenLastNameIsEmpty_ThrowsIllegalException" classname="service.UserServiceTest" time="0.011"/>
  <testcase name="testCreateUser_WhenDetailIsProvided_ReturnUserObject" classname="service.UserServiceTest" time="0.759">
    <failure message="execution exceeded timeout of 500 ms by 110 ms" type="org.opentest4j.AssertionFailedError">org.opentest4j.AssertionFailedError: execution exceeded timeout of 500 ms by 110 ms
	at service.UserServiceTest.testCreateUser_WhenDetailIsProvided_ReturnUserObject(UserServiceTest.java:49)
</failure>
    <system-out><![CDATA[Create Mail
Send Email
5e612c96-5a44-445a-8095-19befc7a8d27
]]></system-out>
  </testcase>
  <testcase name="testCreateUser_WhenFirstNameIsEmpty_ThrowsIllegalException" classname="service.UserServiceTest" time="0.002"/>
</testsuite>